app/build/intermediates/manifest_merge_blame_file/debug/manifest-merger-blame-debug-report.txt
1<?xml version="1.0" encoding="utf-8"?>
2<manifest xmlns:android="http://schemas.android.com/apk/res/android"
3    package="com.ahmed.nytimes"
4    android:versionCode="1"
5    android:versionName="1.0" >
6
7    <uses-sdk
8        android:minSdkVersion="23"
8-->src\main\AndroidManifest.xml
9        android:targetSdkVersion="33" />
9-->src\main\AndroidManifest.xml
10
11    <uses-permission android:name="android.permission.ACCESS_NETWORK_STATE" />
11-->src\main\AndroidManifest.xml:4:5-79
11-->src\main\AndroidManifest.xml:4:22-76
12    <uses-permission android:name="android.permission.INTERNET" />
12-->src\main\AndroidManifest.xml:5:5-67
12-->src\main\AndroidManifest.xml:5:22-64
13    <uses-permission android:name="android.permission.WAKE_LOCK" />
13-->[com.google.android.gms:play-services-measurement:21.0.0] AndroidManifest.xml:25:5-68
13-->[com.google.android.gms:play-services-measurement:21.0.0] AndroidManifest.xml:25:22-65
14    <uses-permission android:name="com.google.android.finsky.permission.BIND_GET_INSTALL_REFERRER_SERVICE" />
14-->[com.google.android.gms:play-services-measurement:21.0.0] AndroidManifest.xml:26:5-110
14-->[com.google.android.gms:play-services-measurement:21.0.0] AndroidManifest.xml:26:22-107
15    <uses-permission android:name="com.google.android.gms.permission.AD_ID" />
15-->[com.google.android.gms:play-services-measurement-impl:21.0.0] AndroidManifest.xml:27:5-79
15-->[com.google.android.gms:play-services-measurement-impl:21.0.0] AndroidManifest.xml:27:22-76
16
17    <permission
17-->[androidx.core:core:1.9.0] AndroidManifest.xml:22:5-24:47
18        android:name="com.ahmed.nytimes.DYNAMIC_RECEIVER_NOT_EXPORTED_PERMISSION"
18-->[androidx.core:core:1.9.0] AndroidManifest.xml:23:9-81
19        android:protectionLevel="signature" />
19-->[androidx.core:core:1.9.0] AndroidManifest.xml:24:9-44
20
21    <uses-permission android:name="com.ahmed.nytimes.DYNAMIC_RECEIVER_NOT_EXPORTED_PERMISSION" />
21-->[androidx.core:core:1.9.0] AndroidManifest.xml:26:5-97
21-->[androidx.core:core:1.9.0] AndroidManifest.xml:26:22-94
22
23    <application
23-->src\main\AndroidManifest.xml:7:5-25:19
24        android:name="com.ahmed.nytimes.NYTimesApp"
24-->src\main\AndroidManifest.xml:8:9-52
25        android:allowBackup="true"
25-->src\main\AndroidManifest.xml:9:9-35
26        android:appComponentFactory="androidx.core.app.CoreComponentFactory"
26-->[androidx.core:core:1.9.0] AndroidManifest.xml:28:18-86
27        android:debuggable="true"
28        android:extractNativeLibs="false"
29        android:icon="@mipmap/ic_launcher_adaptive"
29-->src\main\AndroidManifest.xml:10:9-52
30        android:label="@string/app_name"
30-->src\main\AndroidManifest.xml:11:9-41
31        android:roundIcon="@mipmap/ic_launcher_adaptive_round"
31-->src\main\AndroidManifest.xml:12:9-63
32        android:supportsRtl="true"
32-->src\main\AndroidManifest.xml:13:9-35
33        android:testOnly="true"
34        android:theme="@style/splashScreenTheme" >
34-->src\main\AndroidManifest.xml:14:9-49
35        <activity
35-->src\main\AndroidManifest.xml:15:9-24:20
36            android:name="com.ahmed.nytimes.ui.MainActivity"
36-->src\main\AndroidManifest.xml:16:13-61
37            android:exported="true"
37-->src\main\AndroidManifest.xml:17:13-36
38            android:launchMode="singleTask" >
38-->src\main\AndroidManifest.xml:18:13-44
39            <intent-filter>
39-->src\main\AndroidManifest.xml:19:13-23:29
40                <action android:name="android.intent.action.MAIN" />
40-->src\main\AndroidManifest.xml:20:17-69
40-->src\main\AndroidManifest.xml:20:25-66
41
42                <category android:name="android.intent.category.LAUNCHER" />
42-->src\main\AndroidManifest.xml:22:17-77
42-->src\main\AndroidManifest.xml:22:27-74
43            </intent-filter>
44        </activity>
45
46        <service
46-->[com.google.firebase:firebase-analytics-ktx:21.0.0] AndroidManifest.xml:8:9-14:19
47            android:name="com.google.firebase.components.ComponentDiscoveryService"
47-->[com.google.firebase:firebase-analytics-ktx:21.0.0] AndroidManifest.xml:9:13-84
48            android:directBootAware="true"
48-->[com.google.firebase:firebase-common:20.1.1] AndroidManifest.xml:35:13-43
49            android:exported="false" >
49-->[com.google.firebase:firebase-analytics-ktx:21.0.0] AndroidManifest.xml:10:13-37
50            <meta-data
50-->[com.google.firebase:firebase-analytics-ktx:21.0.0] AndroidManifest.xml:11:13-13:85
51                android:name="com.google.firebase.components:com.google.firebase.analytics.ktx.FirebaseAnalyticsKtxRegistrar"
51-->[com.google.firebase:firebase-analytics-ktx:21.0.0] AndroidManifest.xml:12:17-126
52                android:value="com.google.firebase.components.ComponentRegistrar" />
52-->[com.google.firebase:firebase-analytics-ktx:21.0.0] AndroidManifest.xml:13:17-82
53            <meta-data
53-->[com.google.firebase:firebase-common-ktx:20.1.1] AndroidManifest.xml:15:13-17:85
54                android:name="com.google.firebase.components:com.google.firebase.ktx.FirebaseCommonKtxRegistrar"
54-->[com.google.firebase:firebase-common-ktx:20.1.1] AndroidManifest.xml:16:17-113
55                android:value="com.google.firebase.components.ComponentRegistrar" />
55-->[com.google.firebase:firebase-common-ktx:20.1.1] AndroidManifest.xml:17:17-82
56            <meta-data
56-->[com.google.android.gms:play-services-measurement-api:21.0.0] AndroidManifest.xml:31:13-33:85
57                android:name="com.google.firebase.components:com.google.firebase.analytics.connector.internal.AnalyticsConnectorRegistrar"
57-->[com.google.android.gms:play-services-measurement-api:21.0.0] AndroidManifest.xml:32:17-139
58                android:value="com.google.firebase.components.ComponentRegistrar" />
58-->[com.google.android.gms:play-services-measurement-api:21.0.0] AndroidManifest.xml:33:17-82
59            <meta-data
59-->[com.google.firebase:firebase-installations:17.0.1] AndroidManifest.xml:18:13-20:85
60                android:name="com.google.firebase.components:com.google.firebase.installations.FirebaseInstallationsRegistrar"
60-->[com.google.firebase:firebase-installations:17.0.1] AndroidManifest.xml:19:17-127
61                android:value="com.google.firebase.components.ComponentRegistrar" />
61-->[com.google.firebase:firebase-installations:17.0.1] AndroidManifest.xml:20:17-82
62        </service>
63
64        <receiver
64-->[com.google.android.gms:play-services-measurement:21.0.0] AndroidManifest.xml:29:9-33:20
65            android:name="com.google.android.gms.measurement.AppMeasurementReceiver"
65-->[com.google.android.gms:play-services-measurement:21.0.0] AndroidManifest.xml:30:13-85
66            android:enabled="true"
66-->[com.google.android.gms:play-services-measurement:21.0.0] AndroidManifest.xml:31:13-35
67            android:exported="false" >
67-->[com.google.android.gms:play-services-measurement:21.0.0] AndroidManifest.xml:32:13-37
68        </receiver>
69
70        <service
70-->[com.google.android.gms:play-services-measurement:21.0.0] AndroidManifest.xml:35:9-38:40
71            android:name="com.google.android.gms.measurement.AppMeasurementService"
71-->[com.google.android.gms:play-services-measurement:21.0.0] AndroidManifest.xml:36:13-84
72            android:enabled="true"
72-->[com.google.android.gms:play-services-measurement:21.0.0] AndroidManifest.xml:37:13-35
73            android:exported="false" />
73-->[com.google.android.gms:play-services-measurement:21.0.0] AndroidManifest.xml:38:13-37
74        <service
74-->[com.google.android.gms:play-services-measurement:21.0.0] AndroidManifest.xml:39:9-43:72
75            android:name="com.google.android.gms.measurement.AppMeasurementJobService"
75-->[com.google.android.gms:play-services-measurement:21.0.0] AndroidManifest.xml:40:13-87
76            android:enabled="true"
76-->[com.google.android.gms:play-services-measurement:21.0.0] AndroidManifest.xml:41:13-35
77            android:exported="false"
77-->[com.google.android.gms:play-services-measurement:21.0.0] AndroidManifest.xml:42:13-37
78            android:permission="android.permission.BIND_JOB_SERVICE" />
78-->[com.google.android.gms:play-services-measurement:21.0.0] AndroidManifest.xml:43:13-69
79
80        <provider
80-->[com.google.firebase:firebase-common:20.1.1] AndroidManifest.xml:26:9-31:39
81            android:name="com.google.firebase.provider.FirebaseInitProvider"
81-->[com.google.firebase:firebase-common:20.1.1] AndroidManifest.xml:27:13-77
82            android:authorities="com.ahmed.nytimes.firebaseinitprovider"
82-->[com.google.firebase:firebase-common:20.1.1] AndroidManifest.xml:28:13-72
83            android:directBootAware="true"
83-->[com.google.firebase:firebase-common:20.1.1] AndroidManifest.xml:29:13-43
84            android:exported="false"
84-->[com.google.firebase:firebase-common:20.1.1] AndroidManifest.xml:30:13-37
85            android:initOrder="100" />
85-->[com.google.firebase:firebase-common:20.1.1] AndroidManifest.xml:31:13-36
86
87        <meta-data
87-->[com.google.android.gms:play-services-basement:18.0.0] AndroidManifest.xml:21:9-23:69
88            android:name="com.google.android.gms.version"
88-->[com.google.android.gms:play-services-basement:18.0.0] AndroidManifest.xml:22:13-58
89            android:value="@integer/google_play_services_version" />
89-->[com.google.android.gms:play-services-basement:18.0.0] AndroidManifest.xml:23:13-66
90
91        <uses-library
91-->[androidx.window:window:1.0.0] AndroidManifest.xml:25:9-27:40
92            android:name="androidx.window.extensions"
92-->[androidx.window:window:1.0.0] AndroidManifest.xml:26:13-54
93            android:required="false" />
93-->[androidx.window:window:1.0.0] AndroidManifest.xml:27:13-37
94        <uses-library
94-->[androidx.window:window:1.0.0] AndroidManifest.xml:28:9-30:40
95            android:name="androidx.window.sidecar"
95-->[androidx.window:window:1.0.0] AndroidManifest.xml:29:13-51
96            android:required="false" />
96-->[androidx.window:window:1.0.0] AndroidManifest.xml:30:13-37
97
98        <service
98-->[androidx.room:room-runtime:2.5.0] AndroidManifest.xml:24:9-28:63
99            android:name="androidx.room.MultiInstanceInvalidationService"
99-->[androidx.room:room-runtime:2.5.0] AndroidManifest.xml:25:13-74
100            android:directBootAware="true"
100-->[androidx.room:room-runtime:2.5.0] AndroidManifest.xml:26:13-43
101            android:exported="false" />
101-->[androidx.room:room-runtime:2.5.0] AndroidManifest.xml:27:13-37
102
103        <provider
103-->[androidx.emoji2:emoji2:1.0.0] AndroidManifest.xml:26:9-34:20
104            android:name="androidx.startup.InitializationProvider"
104-->[androidx.emoji2:emoji2:1.0.0] AndroidManifest.xml:27:13-67
105            android:authorities="com.ahmed.nytimes.androidx-startup"
105-->[androidx.emoji2:emoji2:1.0.0] AndroidManifest.xml:28:13-68
106            android:exported="false" >
106-->[androidx.emoji2:emoji2:1.0.0] AndroidManifest.xml:29:13-37
107            <meta-data
107-->[androidx.emoji2:emoji2:1.0.0] AndroidManifest.xml:31:13-33:52
108                android:name="androidx.emoji2.text.EmojiCompatInitializer"
108-->[androidx.emoji2:emoji2:1.0.0] AndroidManifest.xml:32:17-75
109                android:value="androidx.startup" />
109-->[androidx.emoji2:emoji2:1.0.0] AndroidManifest.xml:33:17-49
110            <meta-data
110-->[androidx.lifecycle:lifecycle-process:2.4.0] AndroidManifest.xml:31:13-33:52
111                android:name="androidx.lifecycle.ProcessLifecycleInitializer"
111-->[androidx.lifecycle:lifecycle-process:2.4.0] AndroidManifest.xml:32:17-78
112                android:value="androidx.startup" />
112-->[androidx.lifecycle:lifecycle-process:2.4.0] AndroidManifest.xml:33:17-49
113        </provider>
114    </application>
115
116</manifest>